<?xml version="1.0" encoding="UTF-8"?>
<!-- Generated by org.testng.reporters.JUnitReportReporter -->
<testsuite hostname="DESKTOP-NMJC65B" failures="0" tests="1" name="com.medimentionTestCases.TC_Registration" time="37.343" errors="0" timestamp="2025-09-06T12:40:16 IST" skipped="0">
  <testcase classname="com.medimentionTestCases.TC_Registration" name="account_register" time="37.343"/>
</testsuite> <!-- com.medimentionTestCases.TC_Registration -->
